C51 COMPILER V9.50a   RECEIVER                                                             02/27/2017 21:52:04 PAGE 1   


C51 COMPILER V9.50a, COMPILATION OF MODULE RECEIVER
OBJECT MODULE PLACED IN receiver.OBJ
COMPILER INVOKED BY: C:\Keil\C51\BIN\C51.EXE receiver.c BROWSE DEBUG OBJECTEXTEND TABS(2)

line level    source

   1          #include "at89c5131.h"
   2          #include "stdio.h"
   3          
   4          #define LCD_data  P2                // LCD Data port
   5          
   6          
   7          void SPI_Init();
   8          void LCD_Init();
   9          void LCD_DataWrite(char dat);
  10          void LCD_CmdWrite(char cmd);
  11          void LCD_StringWrite(char * str, unsigned char len);
  12          void LCD_Ready();
  13          void sdelay(int delay);
  14          void Meas_init();
  15          void Timer_init();
  16          
  17          sbit LCD_rs = P0^0;                 // LCD Register Select
  18          sbit LCD_rw = P0^1;                 // LCD Read/Write
  19          sbit LCD_en = P0^2;                 // LCD Enable
  20          sbit LCD_busy = P2^7;               // LCD Busy Flag
  21          sbit RX_pin = P3^1;
  22          
  23          int time_meas = 0;
  24          int thresh = 768;
  25          char RX_char[10] = {'-','-','-','-','-','-','-','-','-','-'};
  26          int fresh_flag = 1;
  27          int b_count = 0;
  28          int char_count = 0;
  29          int RX_value = 0;
  30          
  31          void ex0_isr (void) interrupt 0
  32          {
  33   1        if(fresh_flag== 0)
  34   1        {
  35   2        TR0 = 0;
  36   2        time_meas = TH0*256 + TL0;
  37   2        if(time_meas < thresh) RX_value = RX_value*2 + 1;
  38   2        else RX_value = RX_value*2;
  39   2        b_count = b_count+1;
  40   2        }
  41   1        TH0 = 0x00;
  42   1        TL0 = 0x00;
  43   1        TR0 = 1;
  44   1        fresh_flag = 0;
  45   1        if(b_count = 8)
*** WARNING C276 IN LINE 45 OF receiver.c: constant in condition expression
  46   1        {
  47   2          RX_char[char_count] = (char) RX_value;
  48   2          fresh_flag = 1;
  49   2          char_count = char_count + 1;
  50   2          b_count = 0;                                                                                            
             -                                                                                                                        
             -                                                                                                                        
             -                                                                                                                        
             -                                                                             
C51 COMPILER V9.50a   RECEIVER                                                             02/27/2017 21:52:04 PAGE 2   

  51   2        }
  52   1      }
  53          
  54          void main(void)
  55          {
  56   1        LCD_Init();
  57   1        Timer_init();
  58   1        Meas_init();
  59   1        
  60   1        while(1)
  61   1        {
  62   2          LCD_CmdWrite(0x80);     // Cursor to First line First Position
  63   2          LCD_StringWrite(RX_char,10);
  64   2        }
  65   1      }
  66           // FUNCTION_PURPOSE:LCD Initialization
  67           // FUNCTION_INPUTS: void
  68           // FUNCTION_OUTPUTS: none
  69           
  70          void LCD_Init()
  71          {
  72   1        sdelay(100);
  73   1        LCD_CmdWrite(0x38);     // LCD 2lines, 5*7 matrix
  74   1        LCD_CmdWrite(0x0E);     // Display ON cursor ON  Blinking off
  75   1        LCD_CmdWrite(0x01);     // Clear the LCD
  76   1        LCD_CmdWrite(0x80);     // Cursor to First line First Position
  77   1      }
  78          
  79          /**
  80           * FUNCTION_PURPOSE: Write Command to LCD
  81           * FUNCTION_INPUTS: cmd- command to be written
  82           * FUNCTION_OUTPUTS: none
  83           */
  84          void LCD_CmdWrite(char cmd)
  85          {
  86   1        LCD_Ready();
  87   1        LCD_data=cmd;           // Send the command to LCD
  88   1        LCD_rs=0;               // Select the Command Register by pulling LCD_rs LOW
  89   1        LCD_rw=0;               // Select the Write Operation  by pulling RW LOW
  90   1        LCD_en=1;               // Send a High-to-Low Pusle at Enable Pin
  91   1        sdelay(5);
  92   1        LCD_en=0;
  93   1        sdelay(5);
  94   1      }
  95          
  96          /**
  97           * FUNCTION_PURPOSE: Write Command to LCD
  98           * FUNCTION_INPUTS: dat- data to be written
  99           * FUNCTION_OUTPUTS: none
 100           */
 101          void LCD_DataWrite( char dat)
 102          {
 103   1        LCD_Ready();
 104   1        LCD_data=dat;           // Send the data to LCD
 105   1        LCD_rs=1;               // Select the Data Register by pulling LCD_rs HIGH
 106   1        LCD_rw=0;               // Select the Write Operation by pulling RW LOW
 107   1        LCD_en=1;               // Send a High-to-Low Pusle at Enable Pin
 108   1        sdelay(5);
 109   1        LCD_en=0;
 110   1        sdelay(5);
 111   1      }
 112          /**
C51 COMPILER V9.50a   RECEIVER                                                             02/27/2017 21:52:04 PAGE 3   

 113           * FUNCTION_PURPOSE: Write a string on the LCD Screen
 114           * FUNCTION_INPUTS: 1. str - pointer to the string to be written, 
 115                              2. length - length of the array
 116           * FUNCTION_OUTPUTS: none
 117           */
 118          void LCD_StringWrite( char * str, unsigned char length)
 119          {
 120   1          while(length>0)
 121   1          {
 122   2              LCD_DataWrite(*str);
 123   2              str++;
 124   2              length--;
 125   2          }
 126   1      }
 127          
 128          /**
 129           * FUNCTION_PURPOSE: To check if the LCD is ready to communicate
 130           * FUNCTION_INPUTS: void
 131           * FUNCTION_OUTPUTS: none
 132           */
 133          void LCD_Ready()
 134          {
 135   1        LCD_data = 0xFF;
 136   1        LCD_rs = 0;
 137   1        LCD_rw = 1;
 138   1        LCD_en = 0;
 139   1        sdelay(5);
 140   1        LCD_en = 1;
 141   1        while(LCD_busy == 1)
 142   1        {
 143   2          LCD_en = 0;
 144   2          LCD_en = 1;
 145   2        }
 146   1        LCD_en = 0;
 147   1      }
 148          
 149          /**
 150           * FUNCTION_PURPOSE: A delay of 15us for a 24 MHz crystal
 151           * FUNCTION_INPUTS: void
 152           * FUNCTION_OUTPUTS: none
 153           */
 154          void sdelay(int delay)
 155          {
 156   1        char d=0;
 157   1        while(delay>0)
 158   1        {
 159   2          for(d=0;d<5;d++);
 160   2          delay--;
 161   2        }
 162   1      }
 163          void Timer_init()
 164          {
 165   1        TMOD = 0x01;
 166   1        TH0 = 0x00;
 167   1        TL0 = 0x00;
 168   1      }
 169          void Meas_init()
 170          {
 171   1        EA = 1;
 172   1        EX0 = 1;
 173   1        IT0 = 1;
 174   1      }
C51 COMPILER V9.50a   RECEIVER                                                             02/27/2017 21:52:04 PAGE 4   



MODULE INFORMATION:   STATIC OVERLAYABLE
   CODE SIZE        =    374    ----
   CONSTANT SIZE    =   ----    ----
   XDATA SIZE       =   ----    ----
   PDATA SIZE       =   ----    ----
   DATA SIZE        =     22       6
   IDATA SIZE       =   ----    ----
   BIT SIZE         =   ----    ----
END OF MODULE INFORMATION.


C51 COMPILATION COMPLETE.  1 WARNING(S),  0 ERROR(S)
